<?xml version="1.0" encoding="UTF-8"?>
<Site BuildName="Linux-g++"
	BuildStamp="20240421-1521-Experimental"
	Name="WIN-O7K07IP867I"
	Generator="ctest-3.22.1"
	CompilerName="/usr/bin/g++"
	CompilerVersion="11.4.0"
	OSName="Linux"
	Hostname="WIN-O7K07IP867I"
	OSRelease="5.15.133.1-microsoft-standard-WSL2"
	OSVersion="#1 SMP Thu Oct 5 21:02:42 UTC 2023"
	OSPlatform="x86_64"
	Is64Bits="1"
	VendorString="AuthenticAMD"
	VendorID="Advanced Micro Devices"
	FamilyID="25"
	ModelID="97"
	ProcessorCacheSize="1024"
	NumberOfLogicalCPU="32"
	NumberOfPhysicalCPU="16"
	TotalVirtualMemory="8192"
	TotalPhysicalMemory="31669"
	LogicalProcessorsPerPhysical="2"
	ProcessorClockFrequency="4499.9"
	>
	<Testing>
		<StartDateTime>Apr 22 00:00 CST</StartDateTime>
		<StartTestTime>1713715246</StartTestTime>
		<TestList/>
		<EndDateTime>Apr 22 00:00 CST</EndDateTime>
		<EndTestTime>1713715246</EndTestTime>
		<ElapsedMinutes>0</ElapsedMinutes>
	</Testing>
</Site>
